<?xml version="1.0" encoding="UTF-8"?>
<!-- Generated by org.testng.reporters.JUnitXMLReporter -->
<testsuite hostname="DESKTOP-44C8QOI" name="Default test" tests="4" failures="0" timestamp="30 Nov 2020 06:22:59 GMT" time="81.814" errors="0">
  <testcase name="loginTest" time="20.199" classname="HRM.PageTests.PIMAddEmployee"/>
  <testcase name="addEmployee" time="21.884" classname="HRM.PageTests.PIMAddEmployee"/>
  <testcase name="addEmployee" time="19.035" classname="HRM.PageTests.PIMAddEmployee"/>
  <testcase name="addEmployee" time="19.537" classname="HRM.PageTests.PIMAddEmployee"/>
</testsuite> <!-- Default test -->
