<?xml version="1.0" encoding="UTF-8"?>
<testsuite xmlns:xsi="http://www.w3.org/2001/XMLSchema-instance" xsi:schemaLocation="https://maven.apache.org/surefire/maven-surefire-plugin/xsd/surefire-test-report.xsd" name="TestSuite" time="137.207" tests="3" errors="0" skipped="0" failures="1">
  <properties>
[...]
</properties>
  <testcase name="addEmployee" classname="HRM.PageTests.PIMAddEmployee" time="23.308"/>
  <testcase name="addEmployee" classname="HRM.PageTests.PIMAddEmployee" time="20.346"/>
  <testcase name="addEmployee" classname="HRM.PageTests.PIMAddEmployee" time="53.645">
    <failure message="no such element: Unable to locate element: {&quot;method&quot;:&quot;xpath&quot;,&quot;selector&quot;:&quot;//input[@name=&apos;firstName&apos;]&quot;}&#10;  (Session info: chrome=86.0.4240.198)&#10;For documentation on this error, please visit: http://seleniumhq.org/exceptions/no_such_element.html&#10;Build info: version: &apos;3.14.0&apos;, revision: &apos;aacccce0&apos;, time: &apos;2018-08-02T20:19:58.91Z&apos;&#10;System info: host: &apos;DESKTOP-44C8QOI&apos;, ip: &apos;192.168.43.174&apos;, os.name: &apos;Windows 10&apos;, os.arch: &apos;amd64&apos;, os.version: &apos;10.0&apos;, java.version: &apos;1.8.0_241&apos;&#10;Driver info: org.openqa.selenium.chrome.ChromeDriver&#10;Capabilities {acceptInsecureCerts: false, browserName: chrome, browserVersion: 86.0.4240.198, chrome: {chromedriverVersion: 86.0.4240.22 (398b0743353ff..., userDataDir: C:\Users\MAHESH~1\AppData\L...}, goog:chromeOptions: {debuggerAddress: localhost:64992}, javascriptEnabled: true, networkConnectionEnabled: false, pageLoadStrategy: normal, platform: WINDOWS, platformName: WINDOWS, proxy: Proxy(), setWindowRect: true, strictFileInteractability: false, timeouts: {implicit: 0, pageLoad: 300000, script: 30000}, unhandledPromptBehavior: dismiss and notify, webauthn:virtualAuthenticators: true}&#10;Session ID: d843303dd1a8fcabf5f5c167297985ca&#10;*** Element info: {Using=xpath, value=//input[@name=&apos;firstName&apos;]}" type="org.openqa.selenium.NoSuchElementException">org.openqa.selenium.NoSuchElementException: 
no such element: Unable to locate element: {"method":"xpath","selector":"//input[@name='firstName']"}
  (Session info: chrome=86.0.4240.198)
For documentation on this error, please visit: http://seleniumhq.org/exceptions/no_such_element.html
Build info: version: '3.14.0', revision: 'aacccce0', time: '2018-08-02T20:19:58.91Z'
System info: host: 'DESKTOP-44C8QOI', ip: '192.168.43.174', os.name: 'Windows 10', os.arch: 'amd64', os.version: '10.0', java.version: '1.8.0_241'
Driver info: org.openqa.selenium.chrome.ChromeDriver
Capabilities {acceptInsecureCerts: false, browserName: chrome, browserVersion: 86.0.4240.198, chrome: {chromedriverVersion: 86.0.4240.22 (398b0743353ff..., userDataDir: C:\Users\MAHESH~1\AppData\L...}, goog:chromeOptions: {debuggerAddress: localhost:64992}, javascriptEnabled: true, networkConnectionEnabled: false, pageLoadStrategy: normal, platform: WINDOWS, platformName: WINDOWS, proxy: Proxy(), setWindowRect: true, strictFileInteractability: false, timeouts: {implicit: 0, pageLoad: 300000, script: 30000}, unhandledPromptBehavior: dismiss and notify, webauthn:virtualAuthenticators: true}
Session ID: d843303dd1a8fcabf5f5c167297985ca
*** Element info: {Using=xpath, value=//input[@name='firstName']}
	at HRM.PageTests.PIMAddEmployee.addEmployee(PIMAddEmployee.java:40)
</failure>
    <system-out><![CDATA[Trying to find Element By : By.xpath: //a[@id='menu_pim_viewPimModule']
Found Element By : By.xpath: //a[@id='menu_pim_viewPimModule']
Trying to click on: [[ChromeDriver: chrome on WINDOWS (d843303dd1a8fcabf5f5c167297985ca)] -> xpath: //a[@id='menu_pim_viewPimModule']]
Clicked on: [[ChromeDriver: chrome on WINDOWS (d843303dd1a8fcabf5f5c167297985ca)] -> xpath: //a[@id='menu_pim_viewPimModule']]
Trying to find Element By : By.xpath: //a[@id='menu_pim_addEmployee']
Found Element By : By.xpath: //a[@id='menu_pim_addEmployee']
Trying to click on: [[ChromeDriver: chrome on WINDOWS (d843303dd1a8fcabf5f5c167297985ca)] -> xpath: //a[@id='menu_pim_addEmployee']]
Clicked on: [[ChromeDriver: chrome on WINDOWS (d843303dd1a8fcabf5f5c167297985ca)] -> xpath: //a[@id='menu_pim_addEmployee']]
Trying to find Element By : By.xpath: //input[@name='firstName']
Exception occured: org.openqa.selenium.NoSuchElementException: no such element: Unable to locate element: {"method":"xpath","selector":"//input[@name='firstName']"}
  (Session info: chrome=86.0.4240.198)
For documentation on this error, please visit: http://seleniumhq.org/exceptions/no_such_element.html
Build info: version: '3.14.0', revision: 'aacccce0', time: '2018-08-02T20:19:58.91Z'
System info: host: 'DESKTOP-44C8QOI', ip: '192.168.43.174', os.name: 'Windows 10', os.arch: 'amd64', os.version: '10.0', java.version: '1.8.0_241'
Driver info: org.openqa.selenium.chrome.ChromeDriver
Capabilities {acceptInsecureCerts: false, browserName: chrome, browserVersion: 86.0.4240.198, chrome: {chromedriverVersion: 86.0.4240.22 (398b0743353ff..., userDataDir: C:\Users\MAHESH~1\AppData\L...}, goog:chromeOptions: {debuggerAddress: localhost:64992}, javascriptEnabled: true, networkConnectionEnabled: false, pageLoadStrategy: normal, platform: WINDOWS, platformName: WINDOWS, proxy: Proxy(), setWindowRect: true, strictFileInteractability: false, timeouts: {implicit: 0, pageLoad: 300000, script: 30000}, unhandledPromptBehavior: dismiss and notify, webauthn:virtualAuthenticators: true}
Session ID: d843303dd1a8fcabf5f5c167297985ca
*** Element info: {Using=xpath, value=//input[@name='firstName']}
]]></system-out>
  </testcase>
</testsuite>